android/build/app/intermediates/manifest_merge_blame_file/debug/manifest-merger-blame-debug-report.txt
1<?xml version="1.0" encoding="utf-8"?>
2<manifest xmlns:android="http://schemas.android.com/apk/res/android"
3    package="com.example.android"
4    android:versionCode="1"
5    android:versionName="1.0.0" >
6
7    <uses-sdk
8        android:minSdkVersion="21"
9        android:targetSdkVersion="34" />
10    <!--
11         The INTERNET permission is required for development. Specifically,
12         the Flutter tool needs it to communicate with the running application
13         to allow setting breakpoints, to provide hot reload, etc.
14    -->
15    <uses-permission android:name="android.permission.INTERNET" />
15-->src/debug/AndroidManifest.xml:6:5-66
15-->src/debug/AndroidManifest.xml:6:22-64
16    <!--
17     Required to query activities that can process text, see:
18         https://developer.android.com/training/package-visibility and
19         https://developer.android.com/reference/android/content/Intent#ACTION_PROCESS_TEXT.
20
21         In particular, this is used by the Flutter engine in io.flutter.plugin.text.ProcessTextPlugin.
22    -->
23    <queries>
23-->src/main/AndroidManifest.xml:39:5-44:15
24        <intent>
24-->src/main/AndroidManifest.xml:40:9-43:18
25            <action android:name="android.intent.action.PROCESS_TEXT" />
25-->src/main/AndroidManifest.xml:41:13-72
25-->src/main/AndroidManifest.xml:41:21-70
26
27            <data android:mimeType="text/plain" />
27-->src/main/AndroidManifest.xml:42:13-50
27-->src/main/AndroidManifest.xml:42:19-48
28        </intent>
29
30        <package android:name="com.kakao.talk" />
30-->[:kakao_flutter_sdk_common] AndroidManifest.xml:8:9-50
30-->[:kakao_flutter_sdk_common] AndroidManifest.xml:8:18-47
31        <package android:name="com.kakao.talk.alpha" />
31-->[:kakao_flutter_sdk_common] AndroidManifest.xml:9:9-56
31-->[:kakao_flutter_sdk_common] AndroidManifest.xml:9:18-53
32        <package android:name="com.kakao.talk.sandbox" />
32-->[:kakao_flutter_sdk_common] AndroidManifest.xml:10:9-58
32-->[:kakao_flutter_sdk_common] AndroidManifest.xml:10:18-55
33        <package android:name="com.kakao.onetalk" />
33-->[:kakao_flutter_sdk_common] AndroidManifest.xml:11:9-53
33-->[:kakao_flutter_sdk_common] AndroidManifest.xml:11:18-50
34        <package android:name="com.locnall.KimGiSa" />
34-->[:kakao_flutter_sdk_common] AndroidManifest.xml:12:9-55
34-->[:kakao_flutter_sdk_common] AndroidManifest.xml:12:18-52
35        <package android:name="com.lguplus.navi" />
35-->[:kakao_flutter_sdk_common] AndroidManifest.xml:13:9-52
35-->[:kakao_flutter_sdk_common] AndroidManifest.xml:13:18-49
36
37        <intent>
37-->[:kakao_flutter_sdk_common] AndroidManifest.xml:15:9-21:18
38            <action android:name="android.intent.action.VIEW" />
38-->[:kakao_flutter_sdk_common] AndroidManifest.xml:16:13-65
38-->[:kakao_flutter_sdk_common] AndroidManifest.xml:16:21-62
39
40            <category android:name="android.intent.category.BROWSABLE" />
40-->[:kakao_flutter_sdk_common] AndroidManifest.xml:18:13-74
40-->[:kakao_flutter_sdk_common] AndroidManifest.xml:18:23-71
41
42            <data android:scheme="https" />
42-->src/main/AndroidManifest.xml:42:13-50
43        </intent>
44    </queries>
45
46    <permission
46-->[androidx.core:core:1.13.1] AndroidManifest.xml:22:5-24:47
47        android:name="com.example.android.DYNAMIC_RECEIVER_NOT_EXPORTED_PERMISSION"
47-->[androidx.core:core:1.13.1] AndroidManifest.xml:23:9-81
48        android:protectionLevel="signature" />
48-->[androidx.core:core:1.13.1] AndroidManifest.xml:24:9-44
49
50    <uses-permission android:name="com.example.android.DYNAMIC_RECEIVER_NOT_EXPORTED_PERMISSION" />
50-->[androidx.core:core:1.13.1] AndroidManifest.xml:26:5-97
50-->[androidx.core:core:1.13.1] AndroidManifest.xml:26:22-94
51
52    <application
53        android:name="android.app.Application"
54        android:appComponentFactory="androidx.core.app.CoreComponentFactory"
54-->[androidx.core:core:1.13.1] AndroidManifest.xml:28:18-86
55        android:debuggable="true"
56        android:extractNativeLibs="true"
57        android:icon="@mipmap/ic_launcher"
58        android:label="android" >
59        <activity
60            android:name="com.example.android.MainActivity"
61            android:configChanges="orientation|keyboardHidden|keyboard|screenSize|smallestScreenSize|locale|layoutDirection|fontScale|screenLayout|density|uiMode"
62            android:exported="true"
63            android:hardwareAccelerated="true"
64            android:launchMode="singleTop"
65            android:taskAffinity=""
66            android:theme="@style/LaunchTheme"
67            android:windowSoftInputMode="adjustResize" >
68
69            <!--
70                 Specifies an Android theme to apply to this Activity as soon as
71                 the Android process has started. This theme is visible to the user
72                 while the Flutter UI initializes. After that, this theme continues
73                 to determine the Window background behind the Flutter UI.
74            -->
75            <meta-data
76                android:name="io.flutter.embedding.android.NormalTheme"
77                android:resource="@style/NormalTheme" />
78
79            <intent-filter>
80                <action android:name="android.intent.action.MAIN" />
81
82                <category android:name="android.intent.category.LAUNCHER" />
83            </intent-filter>
84        </activity>
85        <!--
86             Don't delete the meta-data below.
87             This is used by the Flutter tool to generate GeneratedPluginRegistrant.java
88        -->
89        <meta-data
90            android:name="flutterEmbedding"
91            android:value="2" />
92
93        <activity
93-->[:kakao_flutter_sdk_common] AndroidManifest.xml:25:9-30:56
94            android:name="com.kakao.sdk.flutter.TalkAuthCodeActivity"
94-->[:kakao_flutter_sdk_common] AndroidManifest.xml:26:13-70
95            android:configChanges="orientation|screenSize|keyboardHidden|uiMode"
95-->[:kakao_flutter_sdk_common] AndroidManifest.xml:27:13-81
96            android:exported="false"
96-->[:kakao_flutter_sdk_common] AndroidManifest.xml:28:13-37
97            android:launchMode="singleTask"
97-->[:kakao_flutter_sdk_common] AndroidManifest.xml:29:13-44
98            android:theme="@style/TransparentCompat" />
98-->[:kakao_flutter_sdk_common] AndroidManifest.xml:30:13-53
99        <activity
99-->[:kakao_flutter_sdk_common] AndroidManifest.xml:31:9-35:56
100            android:name="com.kakao.sdk.flutter.CustomTabsActivity"
100-->[:kakao_flutter_sdk_common] AndroidManifest.xml:32:13-68
101            android:exported="true"
101-->[:kakao_flutter_sdk_common] AndroidManifest.xml:33:13-36
102            android:launchMode="singleTask"
102-->[:kakao_flutter_sdk_common] AndroidManifest.xml:34:13-44
103            android:theme="@style/TransparentCompat" />
103-->[:kakao_flutter_sdk_common] AndroidManifest.xml:35:13-53
104        <activity
104-->[:kakao_flutter_sdk_common] AndroidManifest.xml:36:9-40:56
105            android:name="com.kakao.sdk.flutter.AuthCodeCustomTabsActivity"
105-->[:kakao_flutter_sdk_common] AndroidManifest.xml:37:13-76
106            android:exported="true"
106-->[:kakao_flutter_sdk_common] AndroidManifest.xml:38:13-36
107            android:launchMode="singleTask"
107-->[:kakao_flutter_sdk_common] AndroidManifest.xml:39:13-44
108            android:theme="@style/TransparentCompat" />
108-->[:kakao_flutter_sdk_common] AndroidManifest.xml:40:13-53
109        <activity
109-->[:kakao_flutter_sdk_common] AndroidManifest.xml:41:9-45:56
110            android:name="com.kakao.sdk.flutter.FollowChannelHandlerActivity"
110-->[:kakao_flutter_sdk_common] AndroidManifest.xml:42:13-78
111            android:exported="true"
111-->[:kakao_flutter_sdk_common] AndroidManifest.xml:43:13-36
112            android:launchMode="singleTask"
112-->[:kakao_flutter_sdk_common] AndroidManifest.xml:44:13-44
113            android:theme="@style/TransparentCompat" />
113-->[:kakao_flutter_sdk_common] AndroidManifest.xml:45:13-53
114        <activity
114-->[:kakao_flutter_sdk_common] AndroidManifest.xml:46:9-50:56
115            android:name="com.kakao.sdk.flutter.AppsHandlerActivity"
115-->[:kakao_flutter_sdk_common] AndroidManifest.xml:47:13-69
116            android:exported="true"
116-->[:kakao_flutter_sdk_common] AndroidManifest.xml:48:13-36
117            android:launchMode="singleTask"
117-->[:kakao_flutter_sdk_common] AndroidManifest.xml:49:13-44
118            android:theme="@style/TransparentCompat" />
118-->[:kakao_flutter_sdk_common] AndroidManifest.xml:50:13-53
119        <activity
119-->[com.google.android.gms:play-services-auth:21.0.0] AndroidManifest.xml:23:9-27:75
120            android:name="com.google.android.gms.auth.api.signin.internal.SignInHubActivity"
120-->[com.google.android.gms:play-services-auth:21.0.0] AndroidManifest.xml:24:13-93
121            android:excludeFromRecents="true"
121-->[com.google.android.gms:play-services-auth:21.0.0] AndroidManifest.xml:25:13-46
122            android:exported="false"
122-->[com.google.android.gms:play-services-auth:21.0.0] AndroidManifest.xml:26:13-37
123            android:theme="@android:style/Theme.Translucent.NoTitleBar" />
123-->[com.google.android.gms:play-services-auth:21.0.0] AndroidManifest.xml:27:13-72
124        <!--
125            Service handling Google Sign-In user revocation. For apps that do not integrate with
126            Google Sign-In, this service will never be started.
127        -->
128        <service
128-->[com.google.android.gms:play-services-auth:21.0.0] AndroidManifest.xml:33:9-37:51
129            android:name="com.google.android.gms.auth.api.signin.RevocationBoundService"
129-->[com.google.android.gms:play-services-auth:21.0.0] AndroidManifest.xml:34:13-89
130            android:exported="true"
130-->[com.google.android.gms:play-services-auth:21.0.0] AndroidManifest.xml:35:13-36
131            android:permission="com.google.android.gms.auth.api.signin.permission.REVOCATION_NOTIFICATION"
131-->[com.google.android.gms:play-services-auth:21.0.0] AndroidManifest.xml:36:13-107
132            android:visibleToInstantApps="true" />
132-->[com.google.android.gms:play-services-auth:21.0.0] AndroidManifest.xml:37:13-48
133
134        <activity
134-->[com.google.android.gms:play-services-base:18.0.1] AndroidManifest.xml:20:9-22:45
135            android:name="com.google.android.gms.common.api.GoogleApiActivity"
135-->[com.google.android.gms:play-services-base:18.0.1] AndroidManifest.xml:20:19-85
136            android:exported="false"
136-->[com.google.android.gms:play-services-base:18.0.1] AndroidManifest.xml:22:19-43
137            android:theme="@android:style/Theme.Translucent.NoTitleBar" />
137-->[com.google.android.gms:play-services-base:18.0.1] AndroidManifest.xml:21:19-78
138
139        <meta-data
139-->[com.google.android.gms:play-services-basement:18.2.0] AndroidManifest.xml:21:9-23:69
140            android:name="com.google.android.gms.version"
140-->[com.google.android.gms:play-services-basement:18.2.0] AndroidManifest.xml:22:13-58
141            android:value="@integer/google_play_services_version" />
141-->[com.google.android.gms:play-services-basement:18.2.0] AndroidManifest.xml:23:13-66
142
143        <uses-library
143-->[androidx.window:window:1.2.0] AndroidManifest.xml:23:9-25:40
144            android:name="androidx.window.extensions"
144-->[androidx.window:window:1.2.0] AndroidManifest.xml:24:13-54
145            android:required="false" />
145-->[androidx.window:window:1.2.0] AndroidManifest.xml:25:13-37
146        <uses-library
146-->[androidx.window:window:1.2.0] AndroidManifest.xml:26:9-28:40
147            android:name="androidx.window.sidecar"
147-->[androidx.window:window:1.2.0] AndroidManifest.xml:27:13-51
148            android:required="false" />
148-->[androidx.window:window:1.2.0] AndroidManifest.xml:28:13-37
149
150        <provider
150-->[androidx.lifecycle:lifecycle-process:2.7.0] AndroidManifest.xml:24:9-32:20
151            android:name="androidx.startup.InitializationProvider"
151-->[androidx.lifecycle:lifecycle-process:2.7.0] AndroidManifest.xml:25:13-67
152            android:authorities="com.example.android.androidx-startup"
152-->[androidx.lifecycle:lifecycle-process:2.7.0] AndroidManifest.xml:26:13-68
153            android:exported="false" >
153-->[androidx.lifecycle:lifecycle-process:2.7.0] AndroidManifest.xml:27:13-37
154            <meta-data
154-->[androidx.lifecycle:lifecycle-process:2.7.0] AndroidManifest.xml:29:13-31:52
155                android:name="androidx.lifecycle.ProcessLifecycleInitializer"
155-->[androidx.lifecycle:lifecycle-process:2.7.0] AndroidManifest.xml:30:17-78
156                android:value="androidx.startup" />
156-->[androidx.lifecycle:lifecycle-process:2.7.0] AndroidManifest.xml:31:17-49
157            <meta-data
157-->[androidx.profileinstaller:profileinstaller:1.3.1] AndroidManifest.xml:29:13-31:52
158                android:name="androidx.profileinstaller.ProfileInstallerInitializer"
158-->[androidx.profileinstaller:profileinstaller:1.3.1] AndroidManifest.xml:30:17-85
159                android:value="androidx.startup" />
159-->[androidx.profileinstaller:profileinstaller:1.3.1] AndroidManifest.xml:31:17-49
160        </provider>
161
162        <receiver
162-->[androidx.profileinstaller:profileinstaller:1.3.1] AndroidManifest.xml:34:9-52:20
163            android:name="androidx.profileinstaller.ProfileInstallReceiver"
163-->[androidx.profileinstaller:profileinstaller:1.3.1] AndroidManifest.xml:35:13-76
164            android:directBootAware="false"
164-->[androidx.profileinstaller:profileinstaller:1.3.1] AndroidManifest.xml:36:13-44
165            android:enabled="true"
165-->[androidx.profileinstaller:profileinstaller:1.3.1] AndroidManifest.xml:37:13-35
166            android:exported="true"
166-->[androidx.profileinstaller:profileinstaller:1.3.1] AndroidManifest.xml:38:13-36
167            android:permission="android.permission.DUMP" >
167-->[androidx.profileinstaller:profileinstaller:1.3.1] AndroidManifest.xml:39:13-57
168            <intent-filter>
168-->[androidx.profileinstaller:profileinstaller:1.3.1] AndroidManifest.xml:40:13-42:29
169                <action android:name="androidx.profileinstaller.action.INSTALL_PROFILE" />
169-->[androidx.profileinstaller:profileinstaller:1.3.1] AndroidManifest.xml:41:17-91
169-->[androidx.profileinstaller:profileinstaller:1.3.1] AndroidManifest.xml:41:25-88
170            </intent-filter>
171            <intent-filter>
171-->[androidx.profileinstaller:profileinstaller:1.3.1] AndroidManifest.xml:43:13-45:29
172                <action android:name="androidx.profileinstaller.action.SKIP_FILE" />
172-->[androidx.profileinstaller:profileinstaller:1.3.1] AndroidManifest.xml:44:17-85
172-->[androidx.profileinstaller:profileinstaller:1.3.1] AndroidManifest.xml:44:25-82
173            </intent-filter>
174            <intent-filter>
174-->[androidx.profileinstaller:profileinstaller:1.3.1] AndroidManifest.xml:46:13-48:29
175                <action android:name="androidx.profileinstaller.action.SAVE_PROFILE" />
175-->[androidx.profileinstaller:profileinstaller:1.3.1] AndroidManifest.xml:47:17-88
175-->[androidx.profileinstaller:profileinstaller:1.3.1] AndroidManifest.xml:47:25-85
176            </intent-filter>
177            <intent-filter>
177-->[androidx.profileinstaller:profileinstaller:1.3.1] AndroidManifest.xml:49:13-51:29
178                <action android:name="androidx.profileinstaller.action.BENCHMARK_OPERATION" />
178-->[androidx.profileinstaller:profileinstaller:1.3.1] AndroidManifest.xml:50:17-95
178-->[androidx.profileinstaller:profileinstaller:1.3.1] AndroidManifest.xml:50:25-92
179            </intent-filter>
180        </receiver>
181    </application>
182
183</manifest>